build/app/intermediates/manifest_merge_blame_file/debug/manifest-merger-blame-debug-report.txt
1<?xml version="1.0" encoding="utf-8"?>
2<manifest xmlns:android="http://schemas.android.com/apk/res/android"
3    package="com.example.crimereportingapp"
4    android:versionCode="1"
5    android:versionName="0.1.1" >
6
7    <uses-sdk
8        android:minSdkVersion="21"
9        android:targetSdkVersion="34" />
10    <!--
11         The INTERNET permission is required for development. Specifically,
12         the Flutter tool needs it to communicate with the running application
13         to allow setting breakpoints, to provide hot reload, etc.
14    -->
15    <uses-permission android:name="android.permission.INTERNET" />
15-->src\debug\AndroidManifest.xml:6:5-66
15-->src\debug\AndroidManifest.xml:6:22-64
16    <!--
17     Required to query activities that can process text, see:
18         https://developer.android.com/training/package-visibility and
19         https://developer.android.com/reference/android/content/Intent#ACTION_PROCESS_TEXT.
20
21         In particular, this is used by the Flutter engine in io.flutter.plugin.text.ProcessTextPlugin.
22    -->
23    <queries>
23-->src\main\AndroidManifest.xml:42:5-47:15
24        <intent>
24-->src\main\AndroidManifest.xml:43:9-46:18
25            <action android:name="android.intent.action.PROCESS_TEXT" />
25-->src\main\AndroidManifest.xml:44:13-72
25-->src\main\AndroidManifest.xml:44:21-70
26
27            <data android:mimeType="text/plain" />
27-->src\main\AndroidManifest.xml:45:13-50
27-->src\main\AndroidManifest.xml:45:19-48
28        </intent>
29    </queries>
30
31    <permission
31-->[androidx.core:core:1.13.1] AndroidManifest.xml:22:5-24:47
32        android:name="com.example.crimereportingapp.DYNAMIC_RECEIVER_NOT_EXPORTED_PERMISSION"
32-->[androidx.core:core:1.13.1] AndroidManifest.xml:23:9-81
33        android:protectionLevel="signature" />
33-->[androidx.core:core:1.13.1] AndroidManifest.xml:24:9-44
34
35    <uses-permission android:name="com.example.crimereportingapp.DYNAMIC_RECEIVER_NOT_EXPORTED_PERMISSION" />
35-->[androidx.core:core:1.13.1] AndroidManifest.xml:26:5-97
35-->[androidx.core:core:1.13.1] AndroidManifest.xml:26:22-94
36
37    <application
38        android:name="android.app.Application"
39        android:appComponentFactory="androidx.core.app.CoreComponentFactory"
39-->[androidx.core:core:1.13.1] AndroidManifest.xml:28:18-86
40        android:debuggable="true"
41        android:enableOnBackInvokedCallback="true"
42        android:icon="@mipmap/ic_launcher"
43        android:label="crimereportingapp" > <!-- Add this line -->
44
45        <activity
46            android:name="com.example.crimereportingapp.MainActivity"
47            android:configChanges="orientation|keyboardHidden|keyboard|screenSize|smallestScreenSize|locale|layoutDirection|fontScale|screenLayout|density|uiMode"
48            android:exported="true"
49            android:hardwareAccelerated="true"
50            android:launchMode="singleTop"
51            android:taskAffinity=""
52            android:theme="@style/LaunchTheme"
53            android:windowSoftInputMode="adjustResize" >
54
55            <!--
56                 Specifies an Android theme to apply to this Activity as soon as
57                 the Android process has started. This theme is visible to the user
58                 while the Flutter UI initializes. After that, this theme continues
59                 to determine the Window background behind the Flutter UI.
60            -->
61            <meta-data
62                android:name="io.flutter.embedding.android.NormalTheme"
63                android:resource="@style/NormalTheme" />
64
65            <intent-filter>
66                <action android:name="android.intent.action.MAIN" />
67
68                <category android:name="android.intent.category.LAUNCHER" />
69            </intent-filter>
70        </activity>
71        <!--
72             Don't delete the meta-data below.
73             This is used by the Flutter tool to generate GeneratedPluginRegistrant.java
74        -->
75        <meta-data
76            android:name="flutterEmbedding"
77            android:value="2" />
78
79        <service
79-->[:firebase_core] AndroidManifest.xml:10:9-14:19
80            android:name="com.google.firebase.components.ComponentDiscoveryService"
80-->[:firebase_core] AndroidManifest.xml:10:18-89
81            android:directBootAware="true"
81-->[com.google.firebase:firebase-common:21.0.0] AndroidManifest.xml:32:13-43
82            android:exported="false" >
82-->[com.google.firebase:firebase-common:21.0.0] AndroidManifest.xml:33:13-37
83            <meta-data
83-->[:firebase_core] AndroidManifest.xml:11:13-13:85
84                android:name="com.google.firebase.components:io.flutter.plugins.firebase.core.FlutterFirebaseCoreRegistrar"
84-->[:firebase_core] AndroidManifest.xml:12:17-124
85                android:value="com.google.firebase.components.ComponentRegistrar" />
85-->[:firebase_core] AndroidManifest.xml:13:17-82
86            <meta-data
86-->[com.google.firebase:firebase-common:21.0.0] AndroidManifest.xml:35:13-37:85
87                android:name="com.google.firebase.components:com.google.firebase.FirebaseCommonKtxRegistrar"
87-->[com.google.firebase:firebase-common:21.0.0] AndroidManifest.xml:36:17-109
88                android:value="com.google.firebase.components.ComponentRegistrar" />
88-->[com.google.firebase:firebase-common:21.0.0] AndroidManifest.xml:37:17-82
89        </service>
90
91        <provider
91-->[:image_picker_android] AndroidManifest.xml:11:9-19:20
92            android:name="io.flutter.plugins.imagepicker.ImagePickerFileProvider"
92-->[:image_picker_android] AndroidManifest.xml:12:13-82
93            android:authorities="com.example.crimereportingapp.flutter.image_provider"
93-->[:image_picker_android] AndroidManifest.xml:13:13-74
94            android:exported="false"
94-->[:image_picker_android] AndroidManifest.xml:14:13-37
95            android:grantUriPermissions="true" >
95-->[:image_picker_android] AndroidManifest.xml:15:13-47
96            <meta-data
96-->[:image_picker_android] AndroidManifest.xml:16:13-18:75
97                android:name="android.support.FILE_PROVIDER_PATHS"
97-->[:image_picker_android] AndroidManifest.xml:17:17-67
98                android:resource="@xml/flutter_image_picker_file_paths" />
98-->[:image_picker_android] AndroidManifest.xml:18:17-72
99        </provider> <!-- Trigger Google Play services to install the backported photo picker module. -->
100        <service
100-->[:image_picker_android] AndroidManifest.xml:21:9-33:19
101            android:name="com.google.android.gms.metadata.ModuleDependencies"
101-->[:image_picker_android] AndroidManifest.xml:22:13-78
102            android:enabled="false"
102-->[:image_picker_android] AndroidManifest.xml:23:13-36
103            android:exported="false" >
103-->[:image_picker_android] AndroidManifest.xml:24:13-37
104            <intent-filter>
104-->[:image_picker_android] AndroidManifest.xml:26:13-28:29
105                <action android:name="com.google.android.gms.metadata.MODULE_DEPENDENCIES" />
105-->[:image_picker_android] AndroidManifest.xml:27:17-94
105-->[:image_picker_android] AndroidManifest.xml:27:25-91
106            </intent-filter>
107
108            <meta-data
108-->[:image_picker_android] AndroidManifest.xml:30:13-32:36
109                android:name="photopicker_activity:0:required"
109-->[:image_picker_android] AndroidManifest.xml:31:17-63
110                android:value="" />
110-->[:image_picker_android] AndroidManifest.xml:32:17-33
111        </service>
112
113        <activity
113-->[:url_launcher_android] AndroidManifest.xml:10:9-13:74
114            android:name="io.flutter.plugins.urllauncher.WebViewActivity"
114-->[:url_launcher_android] AndroidManifest.xml:11:13-74
115            android:exported="false"
115-->[:url_launcher_android] AndroidManifest.xml:12:13-37
116            android:theme="@android:style/Theme.NoTitleBar.Fullscreen" />
116-->[:url_launcher_android] AndroidManifest.xml:13:13-71
117
118        <provider
118-->[com.google.firebase:firebase-common:21.0.0] AndroidManifest.xml:23:9-28:39
119            android:name="com.google.firebase.provider.FirebaseInitProvider"
119-->[com.google.firebase:firebase-common:21.0.0] AndroidManifest.xml:24:13-77
120            android:authorities="com.example.crimereportingapp.firebaseinitprovider"
120-->[com.google.firebase:firebase-common:21.0.0] AndroidManifest.xml:25:13-72
121            android:directBootAware="true"
121-->[com.google.firebase:firebase-common:21.0.0] AndroidManifest.xml:26:13-43
122            android:exported="false"
122-->[com.google.firebase:firebase-common:21.0.0] AndroidManifest.xml:27:13-37
123            android:initOrder="100" />
123-->[com.google.firebase:firebase-common:21.0.0] AndroidManifest.xml:28:13-36
124
125        <uses-library
125-->[androidx.window:window:1.2.0] AndroidManifest.xml:23:9-25:40
126            android:name="androidx.window.extensions"
126-->[androidx.window:window:1.2.0] AndroidManifest.xml:24:13-54
127            android:required="false" />
127-->[androidx.window:window:1.2.0] AndroidManifest.xml:25:13-37
128        <uses-library
128-->[androidx.window:window:1.2.0] AndroidManifest.xml:26:9-28:40
129            android:name="androidx.window.sidecar"
129-->[androidx.window:window:1.2.0] AndroidManifest.xml:27:13-51
130            android:required="false" />
130-->[androidx.window:window:1.2.0] AndroidManifest.xml:28:13-37
131
132        <meta-data
132-->[com.google.android.gms:play-services-basement:18.3.0] AndroidManifest.xml:21:9-23:69
133            android:name="com.google.android.gms.version"
133-->[com.google.android.gms:play-services-basement:18.3.0] AndroidManifest.xml:22:13-58
134            android:value="@integer/google_play_services_version" />
134-->[com.google.android.gms:play-services-basement:18.3.0] AndroidManifest.xml:23:13-66
135
136        <provider
136-->[androidx.lifecycle:lifecycle-process:2.7.0] AndroidManifest.xml:24:9-32:20
137            android:name="androidx.startup.InitializationProvider"
137-->[androidx.lifecycle:lifecycle-process:2.7.0] AndroidManifest.xml:25:13-67
138            android:authorities="com.example.crimereportingapp.androidx-startup"
138-->[androidx.lifecycle:lifecycle-process:2.7.0] AndroidManifest.xml:26:13-68
139            android:exported="false" >
139-->[androidx.lifecycle:lifecycle-process:2.7.0] AndroidManifest.xml:27:13-37
140            <meta-data
140-->[androidx.lifecycle:lifecycle-process:2.7.0] AndroidManifest.xml:29:13-31:52
141                android:name="androidx.lifecycle.ProcessLifecycleInitializer"
141-->[androidx.lifecycle:lifecycle-process:2.7.0] AndroidManifest.xml:30:17-78
142                android:value="androidx.startup" />
142-->[androidx.lifecycle:lifecycle-process:2.7.0] AndroidManifest.xml:31:17-49
143            <meta-data
143-->[androidx.profileinstaller:profileinstaller:1.3.1] AndroidManifest.xml:29:13-31:52
144                android:name="androidx.profileinstaller.ProfileInstallerInitializer"
144-->[androidx.profileinstaller:profileinstaller:1.3.1] AndroidManifest.xml:30:17-85
145                android:value="androidx.startup" />
145-->[androidx.profileinstaller:profileinstaller:1.3.1] AndroidManifest.xml:31:17-49
146        </provider>
147
148        <receiver
148-->[androidx.profileinstaller:profileinstaller:1.3.1] AndroidManifest.xml:34:9-52:20
149            android:name="androidx.profileinstaller.ProfileInstallReceiver"
149-->[androidx.profileinstaller:profileinstaller:1.3.1] AndroidManifest.xml:35:13-76
150            android:directBootAware="false"
150-->[androidx.profileinstaller:profileinstaller:1.3.1] AndroidManifest.xml:36:13-44
151            android:enabled="true"
151-->[androidx.profileinstaller:profileinstaller:1.3.1] AndroidManifest.xml:37:13-35
152            android:exported="true"
152-->[androidx.profileinstaller:profileinstaller:1.3.1] AndroidManifest.xml:38:13-36
153            android:permission="android.permission.DUMP" >
153-->[androidx.profileinstaller:profileinstaller:1.3.1] AndroidManifest.xml:39:13-57
154            <intent-filter>
154-->[androidx.profileinstaller:profileinstaller:1.3.1] AndroidManifest.xml:40:13-42:29
155                <action android:name="androidx.profileinstaller.action.INSTALL_PROFILE" />
155-->[androidx.profileinstaller:profileinstaller:1.3.1] AndroidManifest.xml:41:17-91
155-->[androidx.profileinstaller:profileinstaller:1.3.1] AndroidManifest.xml:41:25-88
156            </intent-filter>
157            <intent-filter>
157-->[androidx.profileinstaller:profileinstaller:1.3.1] AndroidManifest.xml:43:13-45:29
158                <action android:name="androidx.profileinstaller.action.SKIP_FILE" />
158-->[androidx.profileinstaller:profileinstaller:1.3.1] AndroidManifest.xml:44:17-85
158-->[androidx.profileinstaller:profileinstaller:1.3.1] AndroidManifest.xml:44:25-82
159            </intent-filter>
160            <intent-filter>
160-->[androidx.profileinstaller:profileinstaller:1.3.1] AndroidManifest.xml:46:13-48:29
161                <action android:name="androidx.profileinstaller.action.SAVE_PROFILE" />
161-->[androidx.profileinstaller:profileinstaller:1.3.1] AndroidManifest.xml:47:17-88
161-->[androidx.profileinstaller:profileinstaller:1.3.1] AndroidManifest.xml:47:25-85
162            </intent-filter>
163            <intent-filter>
163-->[androidx.profileinstaller:profileinstaller:1.3.1] AndroidManifest.xml:49:13-51:29
164                <action android:name="androidx.profileinstaller.action.BENCHMARK_OPERATION" />
164-->[androidx.profileinstaller:profileinstaller:1.3.1] AndroidManifest.xml:50:17-95
164-->[androidx.profileinstaller:profileinstaller:1.3.1] AndroidManifest.xml:50:25-92
165            </intent-filter>
166        </receiver>
167    </application>
168
169</manifest>